{"code": 1, "stdout": "42\nTraceback (most recent call last):\n  File [REDACTED], line 1, in <program>\n  File [REDACTED], line 1, in require\nRuntime Error: Failed to finish executing script \"[REDACTED]\"\nTraceback (most recent call last):\n  File [REDACTED], line 7, in <program>\nRuntime Error: Assertion failed: error message because condition was false\n\nassert false, \"error message because condition was false\"\n       ^^^^^\nrequire(\"tests/assert.rn\")\n^^^^^^^^^^^^^^^^^^^^^^^^^\n", "stderr": ""}