{"code": 1, "stdout": "Traceback (most recent call last):\n  File [REDACTED], line 1, in <program>\n  File [REDACTED], line 1, in require\nRuntime Error: Failed to finish executing script \"<stdin>\"\nTraceback (most recent call last):\n  File [REDACTED], line 6, in <program>\nRuntime Error: Python TypeError during execution of PyAPI: radonify() missing 3 required positional arguments: 'pos_start', 'pos_end', and 'context'\n\npyapi(\"\n^^^^^^^\ndef my_func(x, y):\n^^^^^^^^^^^^^^^^^^\n    print(f'{type(x).__name__}({x!r})')\n^^^^^^^^^^^^^^^^^^^^^^^^^^^^^^^^^^^^^^^\n    print(f'{type(y).__name__}({y!r})')\n^^^^^^^^^^^^^^^^^^^^^^^^^^^^^^^^^^^^^^^\n    return x + y\n^^^^^^^^^^^^^^^^\n\n\nprint(f'Return value (from Radon function in Python): {cb(34, 35)}')\n^^^^^^^^^^^^^^^^^^^^^^^^^^^^^^^^^^^^^^^^^^^^^^^^^^^^^^^^^^^^^^^^^^^^\n\", ns)\n^^^^^\nrequire(\"tests/pyapi_advanced.rn\")\n^^^^^^^^^^^^^^^^^^^^^^^^^^^^^^^^^\n", "stderr": ""}